2022-11-12 07:05:47,774 INFO Введите количество бочонков
2022-11-12 07:05:52,297 INFO Пользователь ввел: 7
2022-11-12 07:05:52,297 INFO Корректно введенное значение: 7
2022-11-12 07:05:52,297 INFO Полученная последовательность бочек: [4, 1, 2, 5, 7, 6, 3]
2022-11-12 07:05:52,298 INFO Выпавший бочонок с номером: 3
2022-11-12 07:05:55,198 INFO Выпавший бочонок с номером: 6
2022-11-12 07:05:56,889 INFO Выпавший бочонок с номером: 7
2022-11-12 07:05:58,369 INFO Выпавший бочонок с номером: 5
2022-11-12 07:05:59,152 INFO Выпавший бочонок с номером: 2
2022-11-12 07:05:59,790 INFO Выпавший бочонок с номером: 1
2022-11-12 07:06:00,904 INFO Выпавший бочонок с номером: 4
2022-11-12 07:07:12,886 INFO Введите количество бочонков
2022-11-12 07:07:14,549 INFO Пользователь ввел: 13
2022-11-12 07:07:14,549 INFO Корректно введенное значение: 13
2022-11-12 07:07:14,549 INFO Полученная последовательность бочек: [13, 9, 6, 7, 2, 4, 12, 11, 3, 5, 10, 1, 8]
2022-11-12 07:07:14,549 INFO Выпавший бочонок с номером: 8
2022-11-12 07:07:15,440 INFO Выпавший бочонок с номером: 1
2022-11-12 07:07:16,008 INFO Выпавший бочонок с номером: 10
2022-11-12 07:07:16,661 INFO Выпавший бочонок с номером: 5
2022-11-12 07:07:17,188 INFO Выпавший бочонок с номером: 3
2022-11-12 07:07:17,694 INFO Выпавший бочонок с номером: 11
2022-11-12 07:07:18,203 INFO Выпавший бочонок с номером: 12
2022-11-12 07:07:18,649 INFO Выпавший бочонок с номером: 4
2022-11-12 07:07:19,116 INFO Выпавший бочонок с номером: 2
2022-11-12 07:07:19,542 INFO Выпавший бочонок с номером: 7
2022-11-12 07:07:19,976 INFO Выпавший бочонок с номером: 6
2022-11-12 07:07:20,424 INFO Выпавший бочонок с номером: 9
2022-11-12 07:07:20,842 INFO Выпавший бочонок с номером: 13
2022-11-12 07:07:58,449 INFO Введите количество бочонков
2022-11-12 07:08:01,320 INFO Пользователь ввел: 25
2022-11-12 07:08:01,321 INFO Корректно введенное значение: 25
2022-11-12 07:08:01,321 INFO Полученная последовательность бочек: [22, 2, 17, 10, 4, 11, 23, 25, 9, 5, 8, 16, 21, 3, 14, 24, 13, 1, 18, 20, 7, 19, 15, 12, 6]
2022-11-12 07:08:01,321 INFO Выпавший бочонок с номером: 6
2022-11-12 07:08:01,687 INFO Выпавший бочонок с номером: 12
2022-11-12 07:08:02,033 INFO Выпавший бочонок с номером: 15
2022-11-12 07:08:02,353 INFO Выпавший бочонок с номером: 19
2022-11-12 07:08:02,663 INFO Выпавший бочонок с номером: 7
2022-11-12 07:08:02,986 INFO Выпавший бочонок с номером: 20
2022-11-12 07:08:03,277 INFO Выпавший бочонок с номером: 18
2022-11-12 07:08:03,547 INFO Выпавший бочонок с номером: 1
2022-11-12 07:08:03,825 INFO Выпавший бочонок с номером: 13
2022-11-12 07:08:04,092 INFO Выпавший бочонок с номером: 24
2022-11-12 07:08:04,360 INFO Выпавший бочонок с номером: 14
2022-11-12 07:08:04,671 INFO Выпавший бочонок с номером: 3
2022-11-12 07:08:04,987 INFO Выпавший бочонок с номером: 21
2022-11-12 07:08:05,260 INFO Выпавший бочонок с номером: 16
2022-11-12 07:08:05,563 INFO Выпавший бочонок с номером: 8
2022-11-12 07:08:05,895 INFO Выпавший бочонок с номером: 5
2022-11-12 07:08:06,339 INFO Выпавший бочонок с номером: 9
2022-11-12 07:08:06,757 INFO Выпавший бочонок с номером: 25
2022-11-12 07:08:07,260 INFO Выпавший бочонок с номером: 23
2022-11-12 07:08:07,938 INFO Выпавший бочонок с номером: 11
2022-11-12 07:08:08,543 INFO Выпавший бочонок с номером: 4
2022-11-12 07:08:09,041 INFO Выпавший бочонок с номером: 10
2022-11-12 07:08:09,508 INFO Выпавший бочонок с номером: 17
2022-11-12 07:08:09,915 INFO Выпавший бочонок с номером: 2
2022-11-12 07:08:10,399 INFO Выпавший бочонок с номером: 22
